Serial version:
[statistics] 512x512  10000 iter  dt: 6539.682 msec  dt/iter: 653.968 usec  GFLOPS: 2.004  checksum: 9283712.331742
 
OpenMP version:
[statistics] 512x512  10000 iter  th: 1  dt: 6045.627 msec  dt/iter: 604.563 usec  GFLOPS: 2.168  checksum: 9283712.331742
[statistics] 512x512  10000 iter  th: 2  dt: 3083.742 msec  dt/iter: 308.374 usec  GFLOPS: 4.250  checksum: 9283712.331742
[statistics] 512x512  10000 iter  th: 3  dt: 2206.637 msec  dt/iter: 220.664 usec  GFLOPS: 5.940  checksum: 9283712.331742
[statistics] 512x512  10000 iter  th: 4  dt: 1740.637 msec  dt/iter: 174.064 usec  GFLOPS: 7.530  checksum: 9283712.331742
[statistics] 512x512  10000 iter  th: 5  dt: 1470.954 msec  dt/iter: 147.095 usec  GFLOPS: 8.911  checksum: 9283712.331742
[statistics] 512x512  10000 iter  th: 6  dt: 1249.512 msec  dt/iter: 124.951 usec  GFLOPS: 10.490  checksum: 9283712.331742
[statistics] 512x512  10000 iter  th: 7  dt: 1144.024 msec  dt/iter: 114.402 usec  GFLOPS: 11.457  checksum: 9283712.331742
[statistics] 512x512  10000 iter  th: 8  dt: 1022.558 msec  dt/iter: 102.256 usec  GFLOPS: 12.818  checksum: 9283712.331742
[statistics] 512x512  10000 iter  th: 9  dt: 899.987 msec  dt/iter: 89.999 usec  GFLOPS: 14.564  checksum: 9283712.331742
[statistics] 512x512  10000 iter  th: 10  dt: 820.375 msec  dt/iter: 82.037 usec  GFLOPS: 15.977  checksum: 9283712.331742
[statistics] 512x512  10000 iter  th: 11  dt: 764.485 msec  dt/iter: 76.449 usec  GFLOPS: 17.145  checksum: 9283712.331742
[statistics] 512x512  10000 iter  th: 12  dt: 709.208 msec  dt/iter: 70.921 usec  GFLOPS: 18.481  checksum: 9283712.331742
[statistics] 512x512  10000 iter  th: 13  dt: 674.322 msec  dt/iter: 67.432 usec  GFLOPS: 19.438  checksum: 9283712.331742
[statistics] 512x512  10000 iter  th: 14  dt: 628.363 msec  dt/iter: 62.836 usec  GFLOPS: 20.859  checksum: 9283712.331742
[statistics] 512x512  10000 iter  th: 15  dt: 583.567 msec  dt/iter: 58.357 usec  GFLOPS: 22.460  checksum: 9283712.331742
[statistics] 512x512  10000 iter  th: 16  dt: 561.775 msec  dt/iter: 56.178 usec  GFLOPS: 23.332  checksum: 9283712.331742
 
CUDA version:
[statistics] 512x512  10000 iter  dt: 2043.351 msec  dt/iter: 204.335 usec  GFLOPS: 6.415  checksum: 9283712.331742
 
OpenMP target version:
[statistics] 512x512  10000 iter  dt: 10458.526 msec  dt/iter: 1045.853 usec  GFLOPS: 1.253  checksum: 9283712.331742
 
MPI version:
[statistics] 512x512  10000 iter  dt: 670.362 msec  dt/iter: 67.036 usec  GFLOPS: 19.552  checksum: 9283712.331742
 
MPI + OpenMP version:
[statistics] 512x512  10000 iter  dt: 674.928 msec  dt/iter: 67.493 usec  GFLOPS: 19.420  checksum: 9283712.331742
 
MPI + CUDA version:
[statistics] 512x512  10000 iter  dt: 202127.105 msec  dt/iter: 20212.710 usec  GFLOPS: 0.065  checksum: 9283712.331742
 
MPI + OpenMP target version:
[statistics] 512x512  10000 iter  dt: 16637.350 msec  dt/iter: 1663.735 usec  GFLOPS: 0.788  checksum: 9283712.331742
 
